CUDA SGEMM Optimization Benchmark Log
======================================
[Hint1]
srun: INFO: Try to avoid using --ntasks
srun: INFO: It is recommended to specify `--nodes` and `--ntasks-per-node` together
Using device: Tesla V100-SXM2-32GB
Max size: 4096
Selected kernel: 1
Running size: 128... 	avg time: 0.000013s, performance: 324.099 GFLOPS
Running size: 256... 	avg time: 0.000024s, performance: 1419.450 GFLOPS
Running size: 512... 	avg time: 0.000168s, performance: 1594.241 GFLOPS
Running size: 1024... 	avg time: 0.001081s, performance: 1987.354 GFLOPS
Running size: 2048... 	avg time: 0.007960s, performance: 2158.255 GFLOPS
Running size: 4096... 	avg time: 0.060126s, performance: 2285.864 GFLOPS

[Hint2]
srun: INFO: Try to avoid using --ntasks
srun: INFO: It is recommended to specify `--nodes` and `--ntasks-per-node` together
Using device: Tesla V100-SXM2-32GB
Max size: 4096
Selected kernel: 1
Running size: 128... 	avg time: 0.000009s, performance: 446.400 GFLOPS
Running size: 256... 	avg time: 0.000017s, performance: 1996.223 GFLOPS
Running size: 512... 	avg time: 0.000097s, performance: 2758.503 GFLOPS
Running size: 1024... 	avg time: 0.000617s, performance: 3478.682 GFLOPS
Running size: 2048... 	avg time: 0.004723s, performance: 3637.496 GFLOPS
Running size: 4096... 	avg time: 0.033168s, performance: 4143.701 GFLOPS

[Hint3_4]
srun: INFO: Try to avoid using --ntasks
srun: INFO: It is recommended to specify `--nodes` and `--ntasks-per-node` together
Using device: Tesla V100-SXM2-32GB
Max size: 4096
Selected kernel: 1
Running size: 128... 	avg time: 0.000050s, performance:  84.723 GFLOPS
Running size: 256... 	avg time: 0.000083s, performance: 405.278 GFLOPS
Running size: 512... 	avg time: 0.000149s, performance: 1799.003 GFLOPS
Running size: 1024... 	avg time: 0.000321s, performance: 6693.296 GFLOPS
Running size: 2048... 	avg time: 0.001867s, performance: 9200.188 GFLOPS
Running size: 4096... 	avg time: 0.012377s, performance: 11104.081 GFLOPS

[Hint5_6_7]
srun: INFO: Try to avoid using --ntasks
srun: INFO: It is recommended to specify `--nodes` and `--ntasks-per-node` together
Using device: Tesla V100-SXM2-32GB
Max size: 4096
Selected kernel: 1
Running size: 128... 	avg time: 0.000030s, performance: 139.774 GFLOPS
Running size: 256... 	avg time: 0.000054s, performance: 622.707 GFLOPS
Running size: 512... 	avg time: 0.000102s, performance: 2635.855 GFLOPS
Running size: 1024... 	avg time: 0.000208s, performance: 10337.482 GFLOPS
Running size: 2048... 	avg time: 0.001590s, performance: 10808.322 GFLOPS
Running size: 4096... 	avg time: 0.010255s, performance: 13401.698 GFLOPS

